0 info it worked if it ends with ok
1 verbose cli [ '/Users/kwalker/Development/optimizely/out/node-0.10.40/out/bin/node',
1 verbose cli   '/Users/kwalker/Development/optimizely/out/npm',
1 verbose cli   'run',
1 verbose cli   'build' ]
2 info using npm@1.4.28
3 info using node@v0.10.40
4 verbose run-script [ 'prebuild', 'build', 'postbuild' ]
5 info prebuild nuclear-router@0.0.1
6 info build nuclear-router@0.0.1
7 verbose unsafe-perm in lifecycle true
8 info nuclear-router@0.0.1 Failed to exec build script
9 error nuclear-router@0.0.1 build: `./scripts/build`
9 error Exit status 1
10 error Failed at the nuclear-router@0.0.1 build script.
10 error This is most likely a problem with the nuclear-router package,
10 error not with npm itself.
10 error Tell the author that this fails on your system:
10 error     ./scripts/build
10 error You can get their info via:
10 error     npm owner ls nuclear-router
10 error There is likely additional logging output above.
11 error System Darwin 14.5.0
12 error command "/Users/kwalker/Development/optimizely/out/node-0.10.40/out/bin/node" "/Users/kwalker/Development/optimizely/out/npm" "run" "build"
13 error cwd /Users/kwalker/Development/nuclear-router
14 error node -v v0.10.40
15 error npm -v 1.4.28
16 error code ELIFECYCLE
17 verbose exit [ 1, true ]
